.build/app/intermediates/manifest_merge_blame_file/debug/processDebugMainManifest/manifest-merger-blame-debug-report.txt
1<?xml version="1.0" encoding="utf-8"?>
2<manifest xmlns:android="http://schemas.android.com/apk/res/android"
3    package="ohi.andre.consolelauncher"
4    android:versionCode="206"
5    android:versionName="v6.16" >
6
7    <uses-sdk
8        android:minSdkVersion="21"
9        android:targetSdkVersion="35" />
10
11    <!-- Query all apps for launcher functionality (Android 11+) -->
12    <queries>
12-->src\main\AndroidManifest.xml:5:5-10:15
13        <intent>
13-->src\main\AndroidManifest.xml:6:9-9:18
14            <action android:name="android.intent.action.MAIN" />
14-->src\main\AndroidManifest.xml:7:13-65
14-->src\main\AndroidManifest.xml:7:21-62
15
16            <category android:name="android.intent.category.LAUNCHER" />
16-->src\main\AndroidManifest.xml:8:13-73
16-->src\main\AndroidManifest.xml:8:23-70
17        </intent>
18    </queries>
19
20    <supports-screens
20-->src\main\AndroidManifest.xml:12:5-17:39
21        android:anyDensity="true"
21-->src\main\AndroidManifest.xml:13:9-34
22        android:largeScreens="true"
22-->src\main\AndroidManifest.xml:14:9-36
23        android:normalScreens="true"
23-->src\main\AndroidManifest.xml:15:9-37
24        android:resizeable="true"
24-->src\main\AndroidManifest.xml:16:9-34
25        android:smallScreens="true" />
25-->src\main\AndroidManifest.xml:17:9-36
26
27    <!-- permissions -->
28    <uses-permission android:name="android.permission.CAMERA" />
28-->src\main\AndroidManifest.xml:20:5-65
28-->src\main\AndroidManifest.xml:20:22-62
29    <uses-permission android:name="android.permission.FLASHLIGHT" />
29-->src\main\AndroidManifest.xml:21:5-69
29-->src\main\AndroidManifest.xml:21:22-66
30    <uses-permission android:name="android.permission.BLUETOOTH" />
30-->src\main\AndroidManifest.xml:22:5-68
30-->src\main\AndroidManifest.xml:22:22-65
31    <uses-permission android:name="android.permission.BLUETOOTH_ADMIN" />
31-->src\main\AndroidManifest.xml:23:5-74
31-->src\main\AndroidManifest.xml:23:22-71
32    <uses-permission
32-->src\main\AndroidManifest.xml:24:5-108
33        android:name="android.permission.WRITE_EXTERNAL_STORAGE"
33-->src\main\AndroidManifest.xml:24:22-78
34        android:maxSdkVersion="28" />
34-->src\main\AndroidManifest.xml:24:79-105
35    <uses-permission
35-->src\main\AndroidManifest.xml:25:5-107
36        android:name="android.permission.READ_EXTERNAL_STORAGE"
36-->src\main\AndroidManifest.xml:25:22-77
37        android:maxSdkVersion="32" />
37-->src\main\AndroidManifest.xml:25:78-104
38    <uses-permission android:name="android.permission.CALL_PHONE" />
38-->src\main\AndroidManifest.xml:26:5-69
38-->src\main\AndroidManifest.xml:26:22-66
39    <uses-permission android:name="android.permission.READ_CONTACTS" />
39-->src\main\AndroidManifest.xml:27:5-72
39-->src\main\AndroidManifest.xml:27:22-69
40    <uses-permission android:name="android.permission.WRITE_CONTACTS" />
40-->src\main\AndroidManifest.xml:28:5-73
40-->src\main\AndroidManifest.xml:28:22-70
41    <uses-permission android:name="android.permission.CHANGE_WIFI_STATE" />
41-->src\main\AndroidManifest.xml:29:5-76
41-->src\main\AndroidManifest.xml:29:22-73
42    <uses-permission android:name="android.permission.ACCESS_WIFI_STATE" />
42-->src\main\AndroidManifest.xml:30:5-76
42-->src\main\AndroidManifest.xml:30:22-73
43    <uses-permission android:name="android.permission.CHANGE_NETWORK_STATE" />
43-->src\main\AndroidManifest.xml:31:5-79
43-->src\main\AndroidManifest.xml:31:22-76
44    <uses-permission android:name="android.permission.ACCESS_NETWORK_STATE" />
44-->src\main\AndroidManifest.xml:32:5-79
44-->src\main\AndroidManifest.xml:32:22-76
45    <uses-permission android:name="android.permission.WRITE_SETTINGS" />
45-->src\main\AndroidManifest.xml:33:5-73
45-->src\main\AndroidManifest.xml:33:22-70
46    <uses-permission android:name="android.permission.INTERNET" />
46-->src\main\AndroidManifest.xml:34:5-67
46-->src\main\AndroidManifest.xml:34:22-64
47    <uses-permission android:name="android.permission.VIBRATE" />
47-->src\main\AndroidManifest.xml:35:5-66
47-->src\main\AndroidManifest.xml:35:22-63
48    <uses-permission android:name="android.permission.ACCESS_FINE_LOCATION" />
48-->src\main\AndroidManifest.xml:36:5-79
48-->src\main\AndroidManifest.xml:36:22-76
49    <uses-permission android:name="android.permission.ACCESS_COARSE_LOCATION" />
49-->src\main\AndroidManifest.xml:37:5-81
49-->src\main\AndroidManifest.xml:37:22-78
50    <uses-permission android:name="android.permission.READ_PHONE_STATE" />
50-->src\main\AndroidManifest.xml:38:5-75
50-->src\main\AndroidManifest.xml:38:22-72
51    <uses-permission android:name="android.permission.WAKE_LOCK" />
51-->src\main\AndroidManifest.xml:39:5-69
51-->src\main\AndroidManifest.xml:39:22-65
52
53    <!-- features -->
54    <uses-feature
54-->src\main\AndroidManifest.xml:42:5-44:36
55        android:name="android.hardware.camera"
55-->src\main\AndroidManifest.xml:43:9-47
56        android:required="false" />
56-->src\main\AndroidManifest.xml:44:9-33
57    <uses-feature
57-->src\main\AndroidManifest.xml:45:5-47:36
58        android:name="android.hardware.camera.flash"
58-->src\main\AndroidManifest.xml:46:9-53
59        android:required="false" />
59-->src\main\AndroidManifest.xml:47:9-33
60    <uses-feature
60-->src\main\AndroidManifest.xml:48:5-50:36
61        android:name="android.hardware.camera.autofocus"
61-->src\main\AndroidManifest.xml:49:9-57
62        android:required="false" />
62-->src\main\AndroidManifest.xml:50:9-33
63    <uses-feature
63-->src\main\AndroidManifest.xml:51:5-53:36
64        android:name="android.hardware.telephony"
64-->src\main\AndroidManifest.xml:52:9-50
65        android:required="false" />
65-->src\main\AndroidManifest.xml:53:9-33
66    <uses-feature
66-->src\main\AndroidManifest.xml:54:5-56:36
67        android:name="android.hardware.wifi"
67-->src\main\AndroidManifest.xml:55:9-45
68        android:required="false" />
68-->src\main\AndroidManifest.xml:56:9-33
69    <uses-feature
69-->src\main\AndroidManifest.xml:57:5-59:36
70        android:name="android.hardware.touchscreen"
70-->src\main\AndroidManifest.xml:58:9-52
71        android:required="false" />
71-->src\main\AndroidManifest.xml:59:9-33
72    <uses-feature
72-->src\main\AndroidManifest.xml:60:5-62:36
73        android:name="android.hardware.bluetooth"
73-->src\main\AndroidManifest.xml:61:9-50
74        android:required="false" />
74-->src\main\AndroidManifest.xml:62:9-33
75    <uses-feature
75-->src\main\AndroidManifest.xml:63:5-65:36
76        android:name="android.hardware.location.gps"
76-->src\main\AndroidManifest.xml:64:9-53
77        android:required="false" />
77-->src\main\AndroidManifest.xml:65:9-33
78    <uses-feature
78-->src\main\AndroidManifest.xml:66:5-68:36
79        android:name="android.hardware.location"
79-->src\main\AndroidManifest.xml:67:9-49
80        android:required="false" />
80-->src\main\AndroidManifest.xml:68:9-33
81    <uses-feature
81-->src\main\AndroidManifest.xml:69:5-71:36
82        android:name="android.hardware.location.network"
82-->src\main\AndroidManifest.xml:70:9-57
83        android:required="false" />
83-->src\main\AndroidManifest.xml:71:9-33
84    <uses-feature
84-->src\main\AndroidManifest.xml:72:5-74:36
85        android:name="android.hardware.audio.output"
85-->src\main\AndroidManifest.xml:73:9-53
86        android:required="false" />
86-->src\main\AndroidManifest.xml:74:9-33
87
88    <permission
88-->[androidx.core:core:1.13.0] AndroidManifest.xml:22:5-24:47
89        android:name="ohi.andre.consolelauncher.DYNAMIC_RECEIVER_NOT_EXPORTED_PERMISSION"
89-->[androidx.core:core:1.13.0] AndroidManifest.xml:23:9-81
90        android:protectionLevel="signature" />
90-->[androidx.core:core:1.13.0] AndroidManifest.xml:24:9-44
91
92    <uses-permission android:name="ohi.andre.consolelauncher.DYNAMIC_RECEIVER_NOT_EXPORTED_PERMISSION" />
92-->[androidx.core:core:1.13.0] AndroidManifest.xml:26:5-97
92-->[androidx.core:core:1.13.0] AndroidManifest.xml:26:22-94
93
94    <application
94-->src\main\AndroidManifest.xml:76:5-238:19
95        android:allowBackup="true"
95-->src\main\AndroidManifest.xml:77:9-35
96        android:appComponentFactory="androidx.core.app.CoreComponentFactory"
96-->[androidx.core:core:1.13.0] AndroidManifest.xml:28:18-86
97        android:debuggable="true"
98        android:extractNativeLibs="true"
99        android:icon="@mipmap/ic_launcher"
99-->src\main\AndroidManifest.xml:78:9-43
100        android:label="@string/app_name"
100-->src\main\AndroidManifest.xml:79:9-41
101        android:theme="@style/Custom.Solid" >
101-->src\main\AndroidManifest.xml:80:9-44
102        <provider
103            android:name="ohi.andre.consolelauncher.tuils.GenericFileProvider"
103-->src\main\AndroidManifest.xml:83:13-54
104            android:authorities="ohi.andre.consolelauncher.FILE_PROVIDER"
104-->src\main\AndroidManifest.xml:84:13-65
105            android:exported="false"
105-->src\main\AndroidManifest.xml:85:13-37
106            android:grantUriPermissions="true" >
106-->src\main\AndroidManifest.xml:86:13-47
107            <meta-data
107-->src\main\AndroidManifest.xml:87:13-89:57
108                android:name="android.support.FILE_PROVIDER_PATHS"
108-->src\main\AndroidManifest.xml:88:17-67
109                android:resource="@xml/provider_paths" />
109-->src\main\AndroidManifest.xml:89:17-55
110        </provider>
111
112        <activity
112-->src\main\AndroidManifest.xml:92:9-111:20
113            android:name="ohi.andre.consolelauncher.LauncherActivity"
113-->src\main\AndroidManifest.xml:93:13-45
114            android:clearTaskOnLaunch="true"
114-->src\main\AndroidManifest.xml:94:13-45
115            android:configChanges="keyboardHidden|orientation|screenSize|keyboard|navigation"
115-->src\main\AndroidManifest.xml:95:13-94
116            android:enabled="true"
116-->src\main\AndroidManifest.xml:96:13-35
117            android:exported="true"
117-->src\main\AndroidManifest.xml:102:13-36
118            android:launchMode="singleTask"
118-->src\main\AndroidManifest.xml:97:13-44
119            android:resumeWhilePausing="true"
119-->src\main\AndroidManifest.xml:98:13-46
120            android:stateNotNeeded="true"
120-->src\main\AndroidManifest.xml:99:13-42
121            android:taskAffinity=""
121-->src\main\AndroidManifest.xml:100:13-36
122            android:windowSoftInputMode="stateAlwaysVisible|adjustResize" >
122-->src\main\AndroidManifest.xml:101:13-74
123            <intent-filter>
123-->src\main\AndroidManifest.xml:103:13-110:29
124                <action android:name="android.intent.action.MAIN" />
124-->src\main\AndroidManifest.xml:7:13-65
124-->src\main\AndroidManifest.xml:7:21-62
125
126                <category android:name="android.intent.category.HOME" />
126-->src\main\AndroidManifest.xml:106:17-73
126-->src\main\AndroidManifest.xml:106:27-70
127                <category android:name="android.intent.category.DEFAULT" />
127-->src\main\AndroidManifest.xml:107:17-76
127-->src\main\AndroidManifest.xml:107:27-73
128                <category android:name="android.intent.category.LAUNCHER" />
128-->src\main\AndroidManifest.xml:8:13-73
128-->src\main\AndroidManifest.xml:8:23-70
129                <category android:name="android.intent.category.LAUNCHER_APP" />
129-->src\main\AndroidManifest.xml:109:17-81
129-->src\main\AndroidManifest.xml:109:27-78
130            </intent-filter>
131        </activity>
132
133        <receiver
133-->src\main\AndroidManifest.xml:113:9-126:20
134            android:name="ohi.andre.consolelauncher.tuils.stuff.PolicyReceiver"
134-->src\main\AndroidManifest.xml:114:13-55
135            android:description="@string/admin_permission"
135-->src\main\AndroidManifest.xml:115:13-59
136            android:exported="true"
136-->src\main\AndroidManifest.xml:117:13-36
137            android:permission="android.permission.BIND_DEVICE_ADMIN" >
137-->src\main\AndroidManifest.xml:116:13-70
138            <meta-data
138-->src\main\AndroidManifest.xml:118:13-120:50
139                android:name="android.app.device_admin"
139-->src\main\AndroidManifest.xml:119:17-56
140                android:resource="@xml/policy" />
140-->src\main\AndroidManifest.xml:120:17-47
141
142            <intent-filter>
142-->src\main\AndroidManifest.xml:122:13-125:29
143                <action android:name="android.app.action.DEVICE_ADMIN_ENABLED" />
143-->src\main\AndroidManifest.xml:123:17-82
143-->src\main\AndroidManifest.xml:123:25-79
144                <action android:name="android.app.action.DEVICE_ADMIN_DISABLED" />
144-->src\main\AndroidManifest.xml:124:17-83
144-->src\main\AndroidManifest.xml:124:25-80
145            </intent-filter>
146        </receiver>
147
148        <service
148-->src\main\AndroidManifest.xml:128:9-131:40
149            android:name="ohi.andre.consolelauncher.managers.notifications.KeeperService"
149-->src\main\AndroidManifest.xml:129:13-65
150            android:enabled="true"
150-->src\main\AndroidManifest.xml:130:13-35
151            android:exported="false" />
151-->src\main\AndroidManifest.xml:131:13-37
152        <service
152-->src\main\AndroidManifest.xml:132:9-135:39
153            android:name="ohi.andre.consolelauncher.managers.music.MusicService"
153-->src\main\AndroidManifest.xml:133:13-56
154            android:enabled="true"
154-->src\main\AndroidManifest.xml:134:13-35
155            android:exported="true" />
155-->src\main\AndroidManifest.xml:135:13-36
156
157        <activity
157-->src\main\AndroidManifest.xml:137:9-214:20
158            android:name="ohi.andre.consolelauncher.commands.tuixt.TuixtActivity"
158-->src\main\AndroidManifest.xml:138:13-57
159            android:excludeFromRecents="true"
159-->src\main\AndroidManifest.xml:139:13-46
160            android:exported="true"
160-->src\main\AndroidManifest.xml:144:13-36
161            android:label="@string/tuixt_label"
161-->src\main\AndroidManifest.xml:140:13-48
162            android:noHistory="true"
162-->src\main\AndroidManifest.xml:141:13-37
163            android:theme="@style/Custom.Solid"
163-->src\main\AndroidManifest.xml:142:13-48
164            android:windowSoftInputMode="stateAlwaysVisible|adjustResize" >
164-->src\main\AndroidManifest.xml:143:13-74
165            <intent-filter>
165-->src\main\AndroidManifest.xml:145:13-152:29
166                <action android:name="android.intent.action.VIEW" />
166-->src\main\AndroidManifest.xml:146:17-69
166-->src\main\AndroidManifest.xml:146:25-66
167                <action android:name="android.intent.action.EDIT" />
167-->src\main\AndroidManifest.xml:147:17-69
167-->src\main\AndroidManifest.xml:147:25-66
168
169                <data android:mimeType="text/*" />
169-->src\main\AndroidManifest.xml:149:17-51
169-->src\main\AndroidManifest.xml:149:23-48
170
171                <category android:name="android.intent.category.DEFAULT" />
171-->src\main\AndroidManifest.xml:107:17-76
171-->src\main\AndroidManifest.xml:107:27-73
172            </intent-filter>
173            <intent-filter>
173-->src\main\AndroidManifest.xml:155:13-213:29
174                <action android:name="android.intent.action.VIEW" />
174-->src\main\AndroidManifest.xml:146:17-69
174-->src\main\AndroidManifest.xml:146:25-66
175                <action android:name="android.intent.action.EDIT" />
175-->src\main\AndroidManifest.xml:147:17-69
175-->src\main\AndroidManifest.xml:147:25-66
176
177                <category android:name="android.intent.category.DEFAULT" />
177-->src\main\AndroidManifest.xml:107:17-76
177-->src\main\AndroidManifest.xml:107:27-73
178
179                <data
179-->src\main\AndroidManifest.xml:149:17-51
180                    android:host="*"
180-->src\main\AndroidManifest.xml:162:21-37
181                    android:pathPattern=".*\\.js"
181-->src\main\AndroidManifest.xml:163:21-50
182                    android:scheme="file" />
182-->src\main\AndroidManifest.xml:164:21-42
183                <data
183-->src\main\AndroidManifest.xml:149:17-51
184                    android:host="*"
184-->src\main\AndroidManifest.xml:162:21-37
185                    android:pathPattern=".*\\.htm"
185-->src\main\AndroidManifest.xml:163:21-50
186                    android:scheme="file" />
186-->src\main\AndroidManifest.xml:164:21-42
187                <data
187-->src\main\AndroidManifest.xml:149:17-51
188                    android:host="*"
188-->src\main\AndroidManifest.xml:162:21-37
189                    android:pathPattern=".*\\.html"
189-->src\main\AndroidManifest.xml:163:21-50
190                    android:scheme="file" />
190-->src\main\AndroidManifest.xml:164:21-42
191                <data
191-->src\main\AndroidManifest.xml:149:17-51
192                    android:host="*"
192-->src\main\AndroidManifest.xml:162:21-37
193                    android:pathPattern=".*\\.xhtml"
193-->src\main\AndroidManifest.xml:163:21-50
194                    android:scheme="file" />
194-->src\main\AndroidManifest.xml:164:21-42
195                <data
195-->src\main\AndroidManifest.xml:149:17-51
196                    android:host="*"
196-->src\main\AndroidManifest.xml:162:21-37
197                    android:pathPattern=".*\\.php"
197-->src\main\AndroidManifest.xml:163:21-50
198                    android:scheme="file" />
198-->src\main\AndroidManifest.xml:164:21-42
199                <data
199-->src\main\AndroidManifest.xml:149:17-51
200                    android:host="*"
200-->src\main\AndroidManifest.xml:162:21-37
201                    android:pathPattern=".*\\.ini"
201-->src\main\AndroidManifest.xml:163:21-50
202                    android:scheme="file" />
202-->src\main\AndroidManifest.xml:164:21-42
203                <data
203-->src\main\AndroidManifest.xml:149:17-51
204                    android:host="*"
204-->src\main\AndroidManifest.xml:162:21-37
205                    android:pathPattern=".*\\.sh"
205-->src\main\AndroidManifest.xml:163:21-50
206                    android:scheme="file" />
206-->src\main\AndroidManifest.xml:164:21-42
207                <data
207-->src\main\AndroidManifest.xml:149:17-51
208                    android:host="*"
208-->src\main\AndroidManifest.xml:162:21-37
209                    android:pathPattern=".*\\.log"
209-->src\main\AndroidManifest.xml:163:21-50
210                    android:scheme="file" />
210-->src\main\AndroidManifest.xml:164:21-42
211                <data
211-->src\main\AndroidManifest.xml:149:17-51
212                    android:host="*"
212-->src\main\AndroidManifest.xml:162:21-37
213                    android:pathPattern=".*\\.db"
213-->src\main\AndroidManifest.xml:163:21-50
214                    android:scheme="file" />
214-->src\main\AndroidManifest.xml:164:21-42
215                <data
215-->src\main\AndroidManifest.xml:149:17-51
216                    android.pathPattern=".*\\.conf"
216-->src\main\AndroidManifest.xml:199:21-52
217                    android:host="*"
217-->src\main\AndroidManifest.xml:162:21-37
218                    android:scheme="file" />
218-->src\main\AndroidManifest.xml:164:21-42
219                <data
219-->src\main\AndroidManifest.xml:149:17-51
220                    android:host="*"
220-->src\main\AndroidManifest.xml:162:21-37
221                    android:pathPattern=".*\\.cfg"
221-->src\main\AndroidManifest.xml:163:21-50
222                    android:scheme="file" />
222-->src\main\AndroidManifest.xml:164:21-42
223                <data
223-->src\main\AndroidManifest.xml:149:17-51
224                    android:host="*"
224-->src\main\AndroidManifest.xml:162:21-37
225                    android:pathPattern=".*\\.txt"
225-->src\main\AndroidManifest.xml:163:21-50
226                    android:scheme="file" />
226-->src\main\AndroidManifest.xml:164:21-42
227                <data
227-->src\main\AndroidManifest.xml:149:17-51
228                    android:host="*"
228-->src\main\AndroidManifest.xml:162:21-37
229                    android:pathPattern=".*\\.xml"
229-->src\main\AndroidManifest.xml:163:21-50
230                    android:scheme="file" />
230-->src\main\AndroidManifest.xml:164:21-42
231            </intent-filter>
232        </activity>
233
234        <service
234-->src\main\AndroidManifest.xml:216:9-224:19
235            android:name="ohi.andre.consolelauncher.managers.notifications.NotificationService"
235-->src\main\AndroidManifest.xml:217:13-71
236            android:exported="false"
236-->src\main\AndroidManifest.xml:220:13-37
237            android:label="@string/notification_reader"
237-->src\main\AndroidManifest.xml:218:13-56
238            android:permission="android.permission.BIND_NOTIFICATION_LISTENER_SERVICE" >
238-->src\main\AndroidManifest.xml:219:13-87
239            <intent-filter>
239-->src\main\AndroidManifest.xml:221:13-223:29
240                <action android:name="android.service.notification.NotificationListenerService" />
240-->src\main\AndroidManifest.xml:222:17-99
240-->src\main\AndroidManifest.xml:222:25-96
241            </intent-filter>
242        </service>
243        <service
243-->src\main\AndroidManifest.xml:225:9-110
244            android:name="ohi.andre.consolelauncher.managers.notifications.NotificationMonitorService"
244-->src\main\AndroidManifest.xml:225:18-83
245            android:exported="false" />
245-->src\main\AndroidManifest.xml:225:84-108
246
247        <activity
247-->src\main\AndroidManifest.xml:227:9-237:20
248            android:name="ohi.andre.consolelauncher.tuils.stuff.FakeLauncherActivity"
248-->src\main\AndroidManifest.xml:228:13-61
249            android:enabled="false"
249-->src\main\AndroidManifest.xml:229:13-36
250            android:exported="false" >
250-->src\main\AndroidManifest.xml:230:13-37
251            <intent-filter>
251-->src\main\AndroidManifest.xml:231:13-236:29
252                <action android:name="android.intent.action.MAIN" />
252-->src\main\AndroidManifest.xml:7:13-65
252-->src\main\AndroidManifest.xml:7:21-62
253
254                <category android:name="android.intent.category.HOME" />
254-->src\main\AndroidManifest.xml:106:17-73
254-->src\main\AndroidManifest.xml:106:27-70
255                <category android:name="android.intent.category.DEFAULT" />
255-->src\main\AndroidManifest.xml:107:17-76
255-->src\main\AndroidManifest.xml:107:27-73
256            </intent-filter>
257        </activity>
258
259        <provider
259-->[androidx.emoji2:emoji2:1.3.0] AndroidManifest.xml:24:9-32:20
260            android:name="androidx.startup.InitializationProvider"
260-->[androidx.emoji2:emoji2:1.3.0] AndroidManifest.xml:25:13-67
261            android:authorities="ohi.andre.consolelauncher.androidx-startup"
261-->[androidx.emoji2:emoji2:1.3.0] AndroidManifest.xml:26:13-68
262            android:exported="false" >
262-->[androidx.emoji2:emoji2:1.3.0] AndroidManifest.xml:27:13-37
263            <meta-data
263-->[androidx.emoji2:emoji2:1.3.0] AndroidManifest.xml:29:13-31:52
264                android:name="androidx.emoji2.text.EmojiCompatInitializer"
264-->[androidx.emoji2:emoji2:1.3.0] AndroidManifest.xml:30:17-75
265                android:value="androidx.startup" />
265-->[androidx.emoji2:emoji2:1.3.0] AndroidManifest.xml:31:17-49
266            <meta-data
266-->[androidx.lifecycle:lifecycle-process:2.6.2] AndroidManifest.xml:29:13-31:52
267                android:name="androidx.lifecycle.ProcessLifecycleInitializer"
267-->[androidx.lifecycle:lifecycle-process:2.6.2] AndroidManifest.xml:30:17-78
268                android:value="androidx.startup" />
268-->[androidx.lifecycle:lifecycle-process:2.6.2] AndroidManifest.xml:31:17-49
269            <meta-data
269-->[androidx.profileinstaller:profileinstaller:1.3.1] AndroidManifest.xml:29:13-31:52
270                android:name="androidx.profileinstaller.ProfileInstallerInitializer"
270-->[androidx.profileinstaller:profileinstaller:1.3.1] AndroidManifest.xml:30:17-85
271                android:value="androidx.startup" />
271-->[androidx.profileinstaller:profileinstaller:1.3.1] AndroidManifest.xml:31:17-49
272        </provider>
273
274        <receiver
274-->[androidx.profileinstaller:profileinstaller:1.3.1] AndroidManifest.xml:34:9-52:20
275            android:name="androidx.profileinstaller.ProfileInstallReceiver"
275-->[androidx.profileinstaller:profileinstaller:1.3.1] AndroidManifest.xml:35:13-76
276            android:directBootAware="false"
276-->[androidx.profileinstaller:profileinstaller:1.3.1] AndroidManifest.xml:36:13-44
277            android:enabled="true"
277-->[androidx.profileinstaller:profileinstaller:1.3.1] AndroidManifest.xml:37:13-35
278            android:exported="true"
278-->[androidx.profileinstaller:profileinstaller:1.3.1] AndroidManifest.xml:38:13-36
279            android:permission="android.permission.DUMP" >
279-->[androidx.profileinstaller:profileinstaller:1.3.1] AndroidManifest.xml:39:13-57
280            <intent-filter>
280-->[androidx.profileinstaller:profileinstaller:1.3.1] AndroidManifest.xml:40:13-42:29
281                <action android:name="androidx.profileinstaller.action.INSTALL_PROFILE" />
281-->[androidx.profileinstaller:profileinstaller:1.3.1] AndroidManifest.xml:41:17-91
281-->[androidx.profileinstaller:profileinstaller:1.3.1] AndroidManifest.xml:41:25-88
282            </intent-filter>
283            <intent-filter>
283-->[androidx.profileinstaller:profileinstaller:1.3.1] AndroidManifest.xml:43:13-45:29
284                <action android:name="androidx.profileinstaller.action.SKIP_FILE" />
284-->[androidx.profileinstaller:profileinstaller:1.3.1] AndroidManifest.xml:44:17-85
284-->[androidx.profileinstaller:profileinstaller:1.3.1] AndroidManifest.xml:44:25-82
285            </intent-filter>
286            <intent-filter>
286-->[androidx.profileinstaller:profileinstaller:1.3.1] AndroidManifest.xml:46:13-48:29
287                <action android:name="androidx.profileinstaller.action.SAVE_PROFILE" />
287-->[androidx.profileinstaller:profileinstaller:1.3.1] AndroidManifest.xml:47:17-88
287-->[androidx.profileinstaller:profileinstaller:1.3.1] AndroidManifest.xml:47:25-85
288            </intent-filter>
289            <intent-filter>
289-->[androidx.profileinstaller:profileinstaller:1.3.1] AndroidManifest.xml:49:13-51:29
290                <action android:name="androidx.profileinstaller.action.BENCHMARK_OPERATION" />
290-->[androidx.profileinstaller:profileinstaller:1.3.1] AndroidManifest.xml:50:17-95
290-->[androidx.profileinstaller:profileinstaller:1.3.1] AndroidManifest.xml:50:25-92
291            </intent-filter>
292        </receiver>
293    </application>
294
295</manifest>